#
# There is insufficient memory for the Java Runtime Environment to continue.
# Native memory allocation (malloc) failed to allocate 113696 bytes for Chunk::new
# Possible reasons:
#   The system is out of physical RAM or swap space
#   The process is running with CompressedOops enabled, and the Java Heap may be blocking the growth of the native heap
# Possible solutions:
#   Reduce memory load on the system
#   Increase physical memory or swap space
#   Check if swap backing store is full
#   Decrease Java heap size (-Xmx/-Xms)
#   Decrease number of Java threads
#   Decrease Java thread stack sizes (-Xss)
#   Set larger code cache with -XX:ReservedCodeCacheSize=
#   JVM is running with Unscaled Compressed Oops mode in which the Java heap is
#     placed in the first 4GB address space. The Java Heap base address is the
#     maximum limit for the native heap growth. Please use -XX:HeapBaseMinAddress
#     to set the Java Heap base and to place the Java Heap above 4GB virtual address.
# This output file may be truncated or incomplete.
#
#  Out of Memory Error (allocation.cpp:389), pid=17112, tid=0x00000000000028f0
#
# JRE version: OpenJDK Runtime Environment (8.0_312-b07) (build 1.8.0_312-b07)
# Java VM: OpenJDK 64-Bit Server VM (25.312-b07 mixed mode windows-amd64 compressed oops)
# Failed to write core dump. Minidumps are not enabled by default on client versions of Windows
#

---------------  T H R E A D  ---------------

Current thread (0x000002092e698800):  JavaThread "C2 CompilerThread0" daemon [_thread_in_native, id=10480, stack(0x0000001a05500000,0x0000001a05600000)]

Stack: [0x0000001a05500000,0x0000001a05600000]
[error occurred during error reporting (printing stack bounds), id 0xc0000005]

Native frames: (J=compiled Java code, j=interpreted, Vv=VM code, C=native code)


Current CompileTask:
C2:   3284 1273       4       sun.misc.ProxyGenerator$ConstantPool::getIndirect (67 bytes)


---------------  P R O C E S S  ---------------

Java Threads: ( => current thread )
  0x000002092ed1a000 JavaThread "mysql-cj-abandoned-connection-cleanup" daemon [_thread_blocked, id=4376, stack(0x0000001a05a00000,0x0000001a05b00000)]
  0x000002092e758800 JavaThread "Service Thread" daemon [_thread_blocked, id=12460, stack(0x0000001a05800000,0x0000001a05900000)]
  0x000002092e6f8000 JavaThread "C1 CompilerThread2" daemon [_thread_blocked, id=15968, stack(0x0000001a05700000,0x0000001a05800000)]
  0x000002092e69d800 JavaThread "C2 CompilerThread1" daemon [_thread_blocked, id=10284, stack(0x0000001a05600000,0x0000001a05700000)]
=>0x000002092e698800 JavaThread "C2 CompilerThread0" daemon [_thread_in_native, id=10480, stack(0x0000001a05500000,0x0000001a05600000)]
  0x000002092e5e4800 JavaThread "Monitor Ctrl-Break" daemon [_thread_in_native, id=17584, stack(0x0000001a05400000,0x0000001a05500000)]
  0x000002092d9a7000 JavaThread "Attach Listener" daemon [_thread_blocked, id=10296, stack(0x0000001a05300000,0x0000001a05400000)]
  0x000002092d9a6000 JavaThread "Signal Dispatcher" daemon [_thread_blocked, id=11704, stack(0x0000001a05200000,0x0000001a05300000)]
  0x000002092d97e800 JavaThread "Finalizer" daemon [_thread_blocked, id=9968, stack(0x0000001a05100000,0x0000001a05200000)]
  0x000002092d23d800 JavaThread "Reference Handler" daemon [_thread_blocked, id=14964, stack(0x0000001a05000000,0x0000001a05100000)]
  0x00000209170c0800 JavaThread "main" [_thread_blocked, id=7312, stack(0x0000001a04a00000,0x0000001a04b00000)]

Other Threads:
  0x000002092d953000 VMThread [stack: 0x0000001a04f00000,0x0000001a05000000] [id=21364]
  0x000002092e79a800 WatcherThread [stack: 0x0000001a05900000,0x0000001a05a00000] [id=18620]

VM state:at safepoint (normal execution)

VM Mutex/Monitor currently owned by a thread:  ([mutex/lock_event])
[0x00000209170bd080] Threads_lock - owner thread: 0x000002092d953000
[0x00000209170bf410] Heap_lock - owner thread: 0x00000209170c0800

heap address: 0x0000000080200000, size: 2046 MB, Compressed Oops mode: 32-bit
Narrow klass base: 0x0000000000000000, Narrow klass shift: 3
Compressed class space size: 1073741824 Address: 0x0000000100000000

Heap:
 PSYoungGen      total 38400K, used 3609K [0x00000000d5600000, 0x00000000d8080000, 0x0000000100000000)
  eden space 33280K, 0% used [0x00000000d5600000,0x00000000d5600000,0x00000000d7680000)
  from space 5120K, 70% used [0x00000000d7b80000,0x00000000d7f06440,0x00000000d8080000)
  to   space 5120K, 0% used [0x00000000d7680000,0x00000000d7680000,0x00000000d7b80000)
 ParOldGen       total 87552K, used 1568K [0x0000000080200000, 0x0000000085780000, 0x00000000d5600000)
  object space 87552K, 1% used [0x0000000080200000,0x0000000080388158,0x0000000085780000)
 Metaspace       used 14440K, capacity 14882K, committed 14976K, reserved 1062912K
  class space    used 1803K, capacity 1918K, committed 1920K, reserved 1048576K

Card table byte_map: [0x0000020927ea0000,0x00000209282a0000] byte_map_base: 0x0000020927a9f000

Marking Bits: (ParMarkBitMap*) 0x00000000523b1860
 Begin Bits: [0x0000020928550000, 0x000002092a548000)
 End Bits:   [0x000002092a548000, 0x000002092c540000)

Polling page: 0x0000020917270000

CodeCache: size=245760Kb used=4255Kb max_used=4258Kb free=241504Kb
 bounds [0x0000020918ae0000, 0x0000020918f10000, 0x0000020927ae0000]
 total_blobs=1625 nmethods=1271 adapters=267
 compilation: enabled

Compilation events (10 events):
Event: 3.216 Thread 0x000002092e6f8000 nmethod 1268 0x0000020918f0abd0 code [0x0000020918f0ad40, 0x0000020918f0aed0]
Event: 3.216 Thread 0x000002092e6f8000 1269       1       java.lang.ref.Finalizer::access$000 (4 bytes)
Event: 3.216 Thread 0x000002092e6f8000 nmethod 1269 0x0000020918f0a910 code [0x0000020918f0aa60, 0x0000020918f0ab58]
Event: 3.238 Thread 0x000002092e6f8000 1270       3       sun.reflect.annotation.AnnotationParser::toClass (32 bytes)
Event: 3.239 Thread 0x000002092e6f8000 nmethod 1270 0x0000020918f09810 code [0x0000020918f09a20, 0x0000020918f0a650]
Event: 3.239 Thread 0x000002092e6f8000 1271       3       java.lang.Class::getConstructor (16 bytes)
Event: 3.239 Thread 0x000002092e6f8000 nmethod 1271 0x0000020918f09390 code [0x0000020918f09520, 0x0000020918f09730]
Event: 3.241 Thread 0x000002092e6f8000 1272       3       java.io.ByteArrayOutputStream::<init> (7 bytes)
Event: 3.241 Thread 0x000002092e6f8000 nmethod 1272 0x0000020918f09010 code [0x0000020918f09180, 0x0000020918f09310]
Event: 3.242 Thread 0x000002092e698800 1273       4       sun.misc.ProxyGenerator$ConstantPool::getIndirect (67 bytes)

GC Heap History (9 events):
Event: 1.923 GC heap before
{Heap before GC invocations=1 (full 0):
 PSYoungGen      total 38400K, used 33280K [0x00000000d5600000, 0x00000000d8080000, 0x0000000100000000)
  eden space 33280K, 100% used [0x00000000d5600000,0x00000000d7680000,0x00000000d7680000)
  from space 5120K, 0% used [0x00000000d7b80000,0x00000000d7b80000,0x00000000d8080000)
  to   space 5120K, 0% used [0x00000000d7680000,0x00000000d7680000,0x00000000d7b80000)
 ParOldGen       total 87552K, used 0K [0x0000000080200000, 0x0000000085780000, 0x00000000d5600000)
  object space 87552K, 0% used [0x0000000080200000,0x0000000080200000,0x0000000085780000)
 Metaspace       used 9693K, capacity 10048K, committed 10240K, reserved 1058816K
  class space    used 1166K, capacity 1264K, committed 1280K, reserved 1048576K
Event: 1.935 GC heap after
Heap after GC invocations=1 (full 0):
 PSYoungGen      total 38400K, used 5035K [0x00000000d5600000, 0x00000000d8080000, 0x0000000100000000)
  eden space 33280K, 0% used [0x00000000d5600000,0x00000000d5600000,0x00000000d7680000)
  from space 5120K, 98% used [0x00000000d7680000,0x00000000d7b6ac60,0x00000000d7b80000)
  to   space 5120K, 0% used [0x00000000d7b80000,0x00000000d7b80000,0x00000000d8080000)
 ParOldGen       total 87552K, used 8K [0x0000000080200000, 0x0000000085780000, 0x00000000d5600000)
  object space 87552K, 0% used [0x0000000080200000,0x0000000080202000,0x0000000085780000)
 Metaspace       used 9693K, capacity 10048K, committed 10240K, reserved 1058816K
  class space    used 1166K, capacity 1264K, committed 1280K, reserved 1048576K
}
Event: 1.962 GC heap before
{Heap before GC invocations=2 (full 0):
 PSYoungGen      total 38400K, used 38315K [0x00000000d5600000, 0x00000000d8080000, 0x0000000100000000)
  eden space 33280K, 100% used [0x00000000d5600000,0x00000000d7680000,0x00000000d7680000)
  from space 5120K, 98% used [0x00000000d7680000,0x00000000d7b6ac60,0x00000000d7b80000)
  to   space 5120K, 0% used [0x00000000d7b80000,0x00000000d7b80000,0x00000000d8080000)
 ParOldGen       total 87552K, used 8K [0x0000000080200000, 0x0000000085780000, 0x00000000d5600000)
  object space 87552K, 0% used [0x0000000080200000,0x0000000080202000,0x0000000085780000)
 Metaspace       used 9702K, capacity 10048K, committed 10240K, reserved 1058816K
  class space    used 1166K, capacity 1264K, committed 1280K, reserved 1048576K
Event: 1.968 GC heap after
Heap after GC invocations=2 (full 0):
 PSYoungGen      total 38400K, used 2262K [0x00000000d5600000, 0x00000000d8080000, 0x0000000100000000)
  eden space 33280K, 0% used [0x00000000d5600000,0x00000000d5600000,0x00000000d7680000)
  from space 5120K, 44% used [0x00000000d7b80000,0x00000000d7db5b38,0x00000000d8080000)
  to   space 5120K, 0% used [0x00000000d7680000,0x00000000d7680000,0x00000000d7b80000)
 ParOldGen       total 87552K, used 16K [0x0000000080200000, 0x0000000085780000, 0x00000000d5600000)
  object space 87552K, 0% used [0x0000000080200000,0x0000000080204000,0x0000000085780000)
 Metaspace       used 9702K, capacity 10048K, committed 10240K, reserved 1058816K
  class space    used 1166K, capacity 1264K, committed 1280K, reserved 1048576K
}
Event: 3.198 GC heap before
{Heap before GC invocations=3 (full 0):
 PSYoungGen      total 38400K, used 35542K [0x00000000d5600000, 0x00000000d8080000, 0x0000000100000000)
  eden space 33280K, 100% used [0x00000000d5600000,0x00000000d7680000,0x00000000d7680000)
  from space 5120K, 44% used [0x00000000d7b80000,0x00000000d7db5b38,0x00000000d8080000)
  to   space 5120K, 0% used [0x00000000d7680000,0x00000000d7680000,0x00000000d7b80000)
 ParOldGen       total 87552K, used 16K [0x0000000080200000, 0x0000000085780000, 0x00000000d5600000)
  object space 87552K, 0% used [0x0000000080200000,0x0000000080204000,0x0000000085780000)
 Metaspace       used 14334K, capacity 14812K, committed 14976K, reserved 1062912K
  class space    used 1779K, capacity 1917K, committed 1920K, reserved 1048576K
Event: 3.215 GC heap after
Heap after GC invocations=3 (full 0):
 PSYoungGen      total 38400K, used 5098K [0x00000000d5600000, 0x00000000d8080000, 0x0000000100000000)
  eden space 33280K, 0% used [0x00000000d5600000,0x00000000d5600000,0x00000000d7680000)
  from space 5120K, 99% used [0x00000000d7680000,0x00000000d7b7aae8,0x00000000d7b80000)
  to   space 5120K, 0% used [0x00000000d7b80000,0x00000000d7b80000,0x00000000d8080000)
 ParOldGen       total 87552K, used 1560K [0x0000000080200000, 0x0000000085780000, 0x00000000d5600000)
  object space 87552K, 1% used [0x0000000080200000,0x0000000080386158,0x0000000085780000)
 Metaspace       used 14334K, capacity 14812K, committed 14976K, reserved 1062912K
  class space    used 1779K, capacity 1917K, committed 1920K, reserved 1048576K
}
Event: 3.263 GC heap before
{Heap before GC invocations=4 (full 0):
 PSYoungGen      total 38400K, used 6398K [0x00000000d5600000, 0x00000000d8080000, 0x0000000100000000)
  eden space 33280K, 3% used [0x00000000d5600000,0x00000000d5744e68,0x00000000d7680000)
  from space 5120K, 99% used [0x00000000d7680000,0x00000000d7b7aae8,0x00000000d7b80000)
  to   space 5120K, 0% used [0x00000000d7b80000,0x00000000d7b80000,0x00000000d8080000)
 ParOldGen       total 87552K, used 1560K [0x0000000080200000, 0x0000000085780000, 0x00000000d5600000)
  object space 87552K, 1% used [0x0000000080200000,0x0000000080386158,0x0000000085780000)
 Metaspace       used 14440K, capacity 14882K, committed 14976K, reserved 1062912K
  class space    used 1803K, capacity 1918K, committed 1920K, reserved 1048576K
Event: 3.270 GC heap after
Heap after GC invocations=4 (full 0):
 PSYoungGen      total 38400K, used 3609K [0x00000000d5600000, 0x00000000d8080000, 0x0000000100000000)
  eden space 33280K, 0% used [0x00000000d5600000,0x00000000d5600000,0x00000000d7680000)
  from space 5120K, 70% used [0x00000000d7b80000,0x00000000d7f06440,0x00000000d8080000)
  to   space 5120K, 0% used [0x00000000d7680000,0x00000000d7680000,0x00000000d7b80000)
 ParOldGen       total 87552K, used 1568K [0x0000000080200000, 0x0000000085780000, 0x00000000d5600000)
  object space 87552K, 1% used [0x0000000080200000,0x0000000080388158,0x0000000085780000)
 Metaspace       used 14440K, capacity 14882K, committed 14976K, reserved 1062912K
  class space    used 1803K, capacity 1918K, committed 1920K, reserved 1048576K
}
Event: 3.270 GC heap before
{Heap before GC invocations=5 (full 1):
 PSYoungGen      total 38400K, used 3609K [0x00000000d5600000, 0x00000000d8080000, 0x0000000100000000)
  eden space 33280K, 0% used [0x00000000d5600000,0x00000000d5600000,0x00000000d7680000)
  from space 5120K, 70% used [0x00000000d7b80000,0x00000000d7f06440,0x00000000d8080000)
  to   space 5120K, 0% used [0x00000000d7680000,0x00000000d7680000,0x00000000d7b80000)
 ParOldGen       total 87552K, used 1568K [0x0000000080200000, 0x0000000085780000, 0x00000000d5600000)
  object space 87552K, 1% used [0x0000000080200000,0x0000000080388158,0x0000000085780000)
 Metaspace       used 14440K, capacity 14882K, committed 14976K, reserved 1062912K
  class space    used 1803K, capacity 1918K, committed 1920K, reserved 1048576K

Deoptimization events (10 events):
Event: 1.738 Thread 0x00000209170c0800 Uncommon trap: reason=unstable_if action=reinterpret pc=0x0000020918dbb430 method=sun.reflect.generics.parser.SignatureParser.current()C @ 39
Event: 2.353 Thread 0x00000209170c0800 Uncommon trap: reason=class_check action=maybe_recompile pc=0x0000020918da5de8 method=java.lang.String.equals(Ljava/lang/Object;)Z @ 8
Event: 2.353 Thread 0x00000209170c0800 Uncommon trap: reason=class_check action=maybe_recompile pc=0x0000020918da5de8 method=java.lang.String.equals(Ljava/lang/Object;)Z @ 8
Event: 2.353 Thread 0x00000209170c0800 Uncommon trap: reason=class_check action=maybe_recompile pc=0x0000020918da5de8 method=java.lang.String.equals(Ljava/lang/Object;)Z @ 8
Event: 2.353 Thread 0x00000209170c0800 Uncommon trap: reason=class_check action=maybe_recompile pc=0x0000020918da5de8 method=java.lang.String.equals(Ljava/lang/Object;)Z @ 8
Event: 2.477 Thread 0x00000209170c0800 Uncommon trap: reason=class_check action=maybe_recompile pc=0x0000020918e6f8e8 method=java.util.HashMap.putVal(ILjava/lang/Object;Ljava/lang/Object;ZZ)Ljava/lang/Object; @ 203
Event: 2.511 Thread 0x000002092ed1a000 Uncommon trap: reason=unstable_if action=reinterpret pc=0x0000020918de6888 method=java.util.zip.ZipCoder.getBytes(Ljava/lang/String;)[B @ 32
Event: 2.514 Thread 0x00000209170c0800 Uncommon trap: reason=unstable_if action=reinterpret pc=0x0000020918e26500 method=java.lang.AbstractStringBuilder.append(Ljava/lang/String;)Ljava/lang/AbstractStringBuilder; @ 1
Event: 2.522 Thread 0x00000209170c0800 Uncommon trap: reason=unstable_if action=reinterpret pc=0x0000020918eaee50 method=java.util.concurrent.ConcurrentHashMap.get(Ljava/lang/Object;)Ljava/lang/Object; @ 76
Event: 2.782 Thread 0x00000209170c0800 Uncommon trap: reason=unstable_if action=reinterpret pc=0x0000020918e117c8 method=sun.misc.MetaIndex.mayContain(Ljava/lang/String;)Z @ 38

Classes redefined (0 events):
No events

Internal exceptions (10 events):
Event: 2.303 Thread 0x00000209170c0800 Exception <a 'java/lang/ClassNotFoundException': org/springframework/aop/framework/AopInfrastructureBeanBeanInfo> (0x00000000d60ffcb0) thrown at [C:\wsjdk\Corretto8Src\installers\windows\zip\corretto-build\buildRoot\src\hotspot\src\share\vm\classfile\syst
Event: 2.304 Thread 0x00000209170c0800 Exception <a 'java/lang/ClassNotFoundException': org/springframework/aop/framework/AopInfrastructureBeanCustomizer> (0x00000000d610ce80) thrown at [C:\wsjdk\Corretto8Src\installers\windows\zip\corretto-build\buildRoot\src\hotspot\src\share\vm\classfile\sy
Event: 2.373 Thread 0x00000209170c0800 Exception <a 'java/lang/ClassNotFoundException': org/springframework/transaction/annotation/ProxyTransactionManagementConfigurationBeanInfo> (0x00000000d621ea48) thrown at [C:\wsjdk\Corretto8Src\installers\windows\zip\corretto-build\buildRoot\src\hotspot\
Event: 2.374 Thread 0x00000209170c0800 Exception <a 'java/lang/ClassNotFoundException': org/springframework/transaction/annotation/AbstractTransactionManagementConfigurationBeanInfo> (0x00000000d622fc68) thrown at [C:\wsjdk\Corretto8Src\installers\windows\zip\corretto-build\buildRoot\src\hotsp
Event: 2.375 Thread 0x00000209170c0800 Exception <a 'java/lang/ClassNotFoundException': org/springframework/transaction/annotation/AbstractTransactionManagementConfigurationCustomizer> (0x00000000d62410e0) thrown at [C:\wsjdk\Corretto8Src\installers\windows\zip\corretto-build\buildRoot\src\hot
Event: 2.376 Thread 0x00000209170c0800 Exception <a 'java/lang/ClassNotFoundException': org/springframework/transaction/annotation/ProxyTransactionManagementConfigurationCustomizer> (0x00000000d6255030) thrown at [C:\wsjdk\Corretto8Src\installers\windows\zip\corretto-build\buildRoot\src\hotspo
Event: 2.377 Thread 0x00000209170c0800 Exception <a 'java/lang/ClassNotFoundException': org/springframework/context/annotation/ImportAwareBeanInfo> (0x00000000d62665e8) thrown at [C:\wsjdk\Corretto8Src\installers\windows\zip\corretto-build\buildRoot\src\hotspot\src\share\vm\classfile\systemDic
Event: 2.377 Thread 0x00000209170c0800 Exception <a 'java/lang/ClassNotFoundException': org/springframework/context/annotation/ImportAwareCustomizer> (0x00000000d62730f0) thrown at [C:\wsjdk\Corretto8Src\installers\windows\zip\corretto-build\buildRoot\src\hotspot\src\share\vm\classfile\systemD
Event: 2.514 Thread 0x00000209170c0800 Implicit null exception at 0x0000020918e26156 to 0x0000020918e264e9
Event: 2.931 Thread 0x00000209170c0800 Exception <a 'java/lang/ClassNotFoundException': java/lang/Module> (0x00000000d704b0d8) thrown at [C:\wsjdk\Corretto8Src\installers\windows\zip\corretto-build\buildRoot\src\hotspot\src\share\vm\classfile\systemDictionary.cpp, line 217]

Events (10 events):
Event: 3.253 loading class net/bytebuddy/description/NamedElement$WithOptionalName done
Event: 3.257 loading class net/bytebuddy/description/method/ParameterDescription$ForLoadedParameter$OfMethod
Event: 3.257 loading class net/bytebuddy/description/method/ParameterDescription$ForLoadedParameter$OfMethod done
Event: 3.258 loading class net/bytebuddy/description/method/ParameterDescription$ForLoadedParameter
Event: 3.258 loading class net/bytebuddy/description/method/ParameterDescription$ForLoadedParameter done
Event: 3.259 loading class net/bytebuddy/description/method/ParameterDescription$InDefinedShape$AbstractBase
Event: 3.259 loading class net/bytebuddy/description/method/ParameterDescription$InDefinedShape$AbstractBase done
Event: 3.260 loading class net/bytebuddy/description/method/ParameterDescription$AbstractBase
Event: 3.260 loading class net/bytebuddy/description/method/ParameterDescription$AbstractBase done
Event: 3.262 Executing VM operation: CollectForMetadataAllocation


Dynamic libraries:
0x00007ff65cdd0000 - 0x00007ff65ce0a000 	C:\Users\79513\.jdks\corretto-1.8.0_312\bin\java.exe
0x00007fff65b30000 - 0x00007fff65d25000 	C:\WINDOWS\SYSTEM32\ntdll.dll
0x00007fff39840000 - 0x00007fff39855000 	C:\Program Files\AVAST Software\Avast\aswhook.dll
0x00007fff659d0000 - 0x00007fff65a8e000 	C:\WINDOWS\System32\KERNEL32.DLL
0x00007fff63860000 - 0x00007fff63b29000 	C:\WINDOWS\System32\KERNELBASE.dll
0x00007fff64b70000 - 0x00007fff64c1c000 	C:\WINDOWS\System32\ADVAPI32.dll
0x00007fff64560000 - 0x00007fff645fe000 	C:\WINDOWS\System32\msvcrt.dll
0x00007fff64ce0000 - 0x00007fff64d7b000 	C:\WINDOWS\System32\sechost.dll
0x00007fff655b0000 - 0x00007fff656da000 	C:\WINDOWS\System32\RPCRT4.dll
0x00007fff63bd0000 - 0x00007fff63d71000 	C:\WINDOWS\System32\USER32.dll
0x00007fff63440000 - 0x00007fff63462000 	C:\WINDOWS\System32\win32u.dll
0x00007fff64960000 - 0x00007fff6498b000 	C:\WINDOWS\System32\GDI32.dll
0x00007fff63600000 - 0x00007fff6370b000 	C:\WINDOWS\System32\gdi32full.dll
0x00007fff637c0000 - 0x00007fff6385d000 	C:\WINDOWS\System32\msvcp_win.dll
0x00007fff632e0000 - 0x00007fff633e0000 	C:\WINDOWS\System32\ucrtbase.dll
0x00007fff59df0000 - 0x00007fff5a08a000 	C:\WINDOWS\WinSxS\amd64_microsoft.windows.common-controls_6595b64144ccf1df_6.0.19041.1110_none_60b5254171f9507e\COMCTL32.dll
0x00007fff63ba0000 - 0x00007fff63bd0000 	C:\WINDOWS\System32\IMM32.DLL
0x00007fff2ded0000 - 0x00007fff2dfbf000 	C:\Users\79513\.jdks\corretto-1.8.0_312\jre\bin\msvcr120.dll
0x00007fff4e1b0000 - 0x00007fff4e256000 	C:\Users\79513\.jdks\corretto-1.8.0_312\jre\bin\msvcp120.dll
0x0000000051bc0000 - 0x0000000052430000 	C:\Users\79513\.jdks\corretto-1.8.0_312\jre\bin\server\jvm.dll
0x00007fff642e0000 - 0x00007fff642e8000 	C:\WINDOWS\System32\PSAPI.DLL
0x00007fff51a90000 - 0x00007fff51a99000 	C:\WINDOWS\SYSTEM32\WSOCK32.dll
0x00007fff64270000 - 0x00007fff642db000 	C:\WINDOWS\System32\WS2_32.dll
0x00007fff5a640000 - 0x00007fff5a667000 	C:\WINDOWS\SYSTEM32\WINMM.dll
0x00007fff5a9b0000 - 0x00007fff5a9ba000 	C:\WINDOWS\SYSTEM32\VERSION.dll
0x00007fff5e930000 - 0x00007fff5e93f000 	C:\Users\79513\.jdks\corretto-1.8.0_312\jre\bin\verify.dll
0x00007fff5c440000 - 0x00007fff5c469000 	C:\Users\79513\.jdks\corretto-1.8.0_312\jre\bin\java.dll
0x00007fff5a380000 - 0x00007fff5a3aa000 	C:\Users\79513\.jdks\corretto-1.8.0_312\jre\bin\instrument.dll
0x00007fff5a3b0000 - 0x00007fff5a3c6000 	C:\Users\79513\.jdks\corretto-1.8.0_312\jre\bin\zip.dll
0x00007fff64e70000 - 0x00007fff655af000 	C:\WINDOWS\System32\SHELL32.dll
0x00007fff62000000 - 0x00007fff62790000 	C:\WINDOWS\SYSTEM32\windows.storage.dll
0x00007fff64600000 - 0x00007fff64955000 	C:\WINDOWS\System32\combase.dll
0x00007fff62ca0000 - 0x00007fff62ccc000 	C:\WINDOWS\SYSTEM32\Wldp.dll
0x00007fff64ac0000 - 0x00007fff64b6d000 	C:\WINDOWS\System32\SHCORE.dll
0x00007fff64e10000 - 0x00007fff64e65000 	C:\WINDOWS\System32\shlwapi.dll
0x00007fff63190000 - 0x00007fff631af000 	C:\WINDOWS\SYSTEM32\profapi.dll
0x00007fff51c30000 - 0x00007fff51c4a000 	C:\Program Files\JetBrains\IntelliJ IDEA Community Edition 2020.3\bin\breakgen64.dll
0x00007fff5a0d0000 - 0x00007fff5a0ea000 	C:\Users\79513\.jdks\corretto-1.8.0_312\jre\bin\net.dll
0x00007fff61f30000 - 0x00007fff61f9a000 	C:\WINDOWS\system32\mswsock.dll
0x00007fff51c50000 - 0x00007fff51c62000 	C:\Users\79513\.jdks\corretto-1.8.0_312\jre\bin\nio.dll

VM Arguments:
jvm_args: -javaagent:C:\Program Files\JetBrains\IntelliJ IDEA Community Edition 2020.3\lib\idea_rt.jar=52238:C:\Program Files\JetBrains\IntelliJ IDEA Community Edition 2020.3\bin -Dfile.encoding=UTF-8 
java_command: hiber.MainApp
java_class_path (initial): C:\Users\79513\.jdks\corretto-1.8.0_312\jre\lib\charsets.jar;C:\Users\79513\.jdks\corretto-1.8.0_312\jre\lib\ext\access-bridge-64.jar;C:\Users\79513\.jdks\corretto-1.8.0_312\jre\lib\ext\cldrdata.jar;C:\Users\79513\.jdks\corretto-1.8.0_312\jre\lib\ext\dnsns.jar;C:\Users\79513\.jdks\corretto-1.8.0_312\jre\lib\ext\jaccess.jar;C:\Users\79513\.jdks\corretto-1.8.0_312\jre\lib\ext\jfxrt.jar;C:\Users\79513\.jdks\corretto-1.8.0_312\jre\lib\ext\localedata.jar;C:\Users\79513\.jdks\corretto-1.8.0_312\jre\lib\ext\nashorn.jar;C:\Users\79513\.jdks\corretto-1.8.0_312\jre\lib\ext\sunec.jar;C:\Users\79513\.jdks\corretto-1.8.0_312\jre\lib\ext\sunjce_provider.jar;C:\Users\79513\.jdks\corretto-1.8.0_312\jre\lib\ext\sunmscapi.jar;C:\Users\79513\.jdks\corretto-1.8.0_312\jre\lib\ext\sunpkcs11.jar;C:\Users\79513\.jdks\corretto-1.8.0_312\jre\lib\ext\zipfs.jar;C:\Users\79513\.jdks\corretto-1.8.0_312\jre\lib\jce.jar;C:\Users\79513\.jdks\corretto-1.8.0_312\jre\lib\jfr.jar;C:\Users\79513\.jdks\corretto-1.8.0_312\jre\lib\jfxswt.jar;C:\Users\79513\.jdks\corretto-1.8.0_312\jre\lib\jsse.jar;C:\Users\79513\.jdks\corretto-1.8.0_312\jre\lib\management-agent.jar;C:\Users\79513\.jdks\corretto-1.8.0_312\jre\lib\resources.jar;C:\Users\79513\.jdks\corretto-1.8.0_312\jre\lib\rt.jar;C:\OPENJDK\pre-proj\2.2.1. spring_hibernate\target\classes;C:\Users\79513\.m2\repository\org\springframework\spring-context\5.3.12\spring-context-5.3.12.jar;C:\Users\79513\.m2\repository\org\springframework\spring-aop\5.3.12\spring-aop-5.3.12.jar;C:\Users\79513\.m2\repository\org\springframework\spring-beans\5.3.12\spring-beans-5.3.12.jar;C:\Users\79513\.m2\repository\org\springframework\spring-core\5.3.12\spring-core-5.3.12.jar;C:\Users\79513\.m2\repository\org\springframework\spring-jcl\5.3.12\spring-jcl-5.3.12.jar;C:\Users\79513\.m2\repository\org\springframework\spring-expression\5.3.12\spring-expression-5.3.12.jar;C:\Users\79513\.m2\repository\org\springframework\spring-orm\5.3.12\spring-orm-5.3.1
Launcher Type: SUN_STANDARD

Environment Variables:
JAVA_HOME=C:\OPENJDK
PATH=C:\Program Files (x86)\NVIDIA Corporation\PhysX\Common;C:\WINDOWS\system32;C:\WINDOWS;C:\WINDOWS\System32\Wbem;C:\WINDOWS\System32\WindowsPowerShell\v1.0\;C:\WINDOWS\System32\OpenSSH\;C:\Program Files (x86)\NoteBook FanControl\;C:\Program Files\Git\cmd;C:\apache-maven-3.8.3\bin;C:\OPENJDK\bin;C:\windows\system32\;C:\tizen-studio\tools\ide\bin;C:\Users\79513\AppData\Local\Microsoft\WindowsApps;C:\Users\79513\AppData\Local\GitHubDesktop\bin
USERNAME=Анатолий
OS=Windows_NT
PROCESSOR_IDENTIFIER=Intel64 Family 6 Model 37 Stepping 2, GenuineIntel



---------------  S Y S T E M  ---------------

OS: Windows 10.0 , 64 bit Build 19041 (10.0.19041.1202)

CPU:total 4 (initial active 4) (2 cores per cpu, 2 threads per core) family 6 model 37 stepping 2, cmov, cx8, fxsr, mmx, sse, sse2, sse3, ssse3, sse4.1, sse4.2, popcnt, ht, tsc, tscinvbit

Memory: 4k page, physical 8379252k(2913712k free), swap 9403252k(150752k free)

vm_info: OpenJDK 64-Bit Server VM (25.312-b07) for windows-amd64 JRE (1.8.0_312-b07), built on Oct 14 2021 21:08:49 by "Administrator" with MS VC++ 12.0 (VS2013)

time: Wed Nov 10 22:34:45 2021
timezone: Iiaineae?neia noaiaa?oiia a?aiy
elapsed time: 3.298692 seconds (0d 0h 0m 3s)

