#
# There is insufficient memory for the Java Runtime Environment to continue.
# Native memory allocation (malloc) failed to allocate 2151648 bytes for Chunk::new
# Possible reasons:
#   The system is out of physical RAM or swap space
#   The process is running with CompressedOops enabled, and the Java Heap may be blocking the growth of the native heap
# Possible solutions:
#   Reduce memory load on the system
#   Increase physical memory or swap space
#   Check if swap backing store is full
#   Decrease Java heap size (-Xmx/-Xms)
#   Decrease number of Java threads
#   Decrease Java thread stack sizes (-Xss)
#   Set larger code cache with -XX:ReservedCodeCacheSize=
#   JVM is running with Unscaled Compressed Oops mode in which the Java heap is
#     placed in the first 4GB address space. The Java Heap base address is the
#     maximum limit for the native heap growth. Please use -XX:HeapBaseMinAddress
#     to set the Java Heap base and to place the Java Heap above 4GB virtual address.
# This output file may be truncated or incomplete.
#
#  Out of Memory Error (allocation.cpp:389), pid=16220, tid=0x0000000000000788
#
# JRE version: OpenJDK Runtime Environment (8.0_312-b07) (build 1.8.0_312-b07)
# Java VM: OpenJDK 64-Bit Server VM (25.312-b07 mixed mode windows-amd64 compressed oops)
# Failed to write core dump. Minidumps are not enabled by default on client versions of Windows
#

---------------  T H R E A D  ---------------

Current thread (0x000001bbc46bc000):  JavaThread "C2 CompilerThread1" daemon [_thread_in_native, id=1928, stack(0x0000003165e00000,0x0000003165f00000)]

Stack: [0x0000003165e00000,0x0000003165f00000]
[error occurred during error reporting (printing stack bounds), id 0xc0000005]

Native frames: (J=compiled Java code, j=interpreted, Vv=VM code, C=native code)


Current CompileTask:
C2:   7735 1605   !   4       java.net.URLClassLoader$1::run (81 bytes)


---------------  P R O C E S S  ---------------

Java Threads: ( => current thread )
  0x000001bbc3a1c800 JavaThread "mysql-cj-abandoned-connection-cleanup" daemon [_thread_blocked, id=1976, stack(0x0000003166200000,0x0000003166300000)]
  0x000001bbc471f000 JavaThread "Service Thread" daemon [_thread_blocked, id=17028, stack(0x0000003166000000,0x0000003166100000)]
  0x000001bbc470e800 JavaThread "C1 CompilerThread2" daemon [_thread_blocked, id=14176, stack(0x0000003165f00000,0x0000003166000000)]
=>0x000001bbc46bc000 JavaThread "C2 CompilerThread1" daemon [_thread_in_native, id=1928, stack(0x0000003165e00000,0x0000003165f00000)]
  0x000001bbc46b7800 JavaThread "C2 CompilerThread0" daemon [_thread_blocked, id=17040, stack(0x0000003165d00000,0x0000003165e00000)]
  0x000001bbc46b5000 JavaThread "Monitor Ctrl-Break" daemon [_thread_in_native, id=11344, stack(0x0000003165c00000,0x0000003165d00000)]
  0x000001bbc39c6800 JavaThread "Attach Listener" daemon [_thread_blocked, id=17104, stack(0x0000003165b00000,0x0000003165c00000)]
  0x000001bbc39c5000 JavaThread "Signal Dispatcher" daemon [_thread_blocked, id=10504, stack(0x0000003165a00000,0x0000003165b00000)]
  0x000001bbc399b000 JavaThread "Finalizer" daemon [_thread_blocked, id=18004, stack(0x0000003165900000,0x0000003165a00000)]
  0x000001bbc3995800 JavaThread "Reference Handler" daemon [_thread_blocked, id=15160, stack(0x0000003165800000,0x0000003165900000)]
  0x000001bbad1d3000 JavaThread "main" [_thread_in_vm, id=3004, stack(0x0000003165200000,0x0000003165300000)]

Other Threads:
  0x000001bbc3974800 VMThread [stack: 0x0000003165700000,0x0000003165800000] [id=10692]
  0x000001bbc477f800 WatcherThread [stack: 0x0000003166100000,0x0000003166200000] [id=17140]

VM state:not at safepoint (normal execution)

VM Mutex/Monitor currently owned by a thread: None

heap address: 0x0000000080200000, size: 2046 MB, Compressed Oops mode: 32-bit
Narrow klass base: 0x0000000000000000, Narrow klass shift: 3
Compressed class space size: 1073741824 Address: 0x0000000100000000

Heap:
 PSYoungGen      total 71680K, used 62709K [0x00000000d5600000, 0x00000000deb00000, 0x0000000100000000)
  eden space 66560K, 94% used [0x00000000d5600000,0x00000000d933d670,0x00000000d9700000)
  from space 5120K, 0% used [0x00000000d9700000,0x00000000d9700000,0x00000000d9c00000)
  to   space 9728K, 0% used [0x00000000de180000,0x00000000de180000,0x00000000deb00000)
 ParOldGen       total 48128K, used 6329K [0x0000000080200000, 0x0000000083100000, 0x00000000d5600000)
  object space 48128K, 13% used [0x0000000080200000,0x000000008082e540,0x0000000083100000)
 Metaspace       used 29070K, capacity 29800K, committed 30128K, reserved 1075200K
  class space    used 4031K, capacity 4195K, committed 4272K, reserved 1048576K

Card table byte_map: [0x000001bbbdea0000,0x000001bbbe2a0000] byte_map_base: 0x000001bbbda9f000

Marking Bits: (ParMarkBitMap*) 0x0000000066051860
 Begin Bits: [0x000001bbbe550000, 0x000001bbc0548000)
 End Bits:   [0x000001bbc0548000, 0x000001bbc2540000)

Polling page: 0x000001bbaeab0000

CodeCache: size=245760Kb used=6094Kb max_used=6094Kb free=239665Kb
 bounds [0x000001bbaeae0000, 0x000001bbaf0e0000, 0x000001bbbdae0000]
 total_blobs=2294 nmethods=1820 adapters=386
 compilation: enabled

Compilation events (10 events):
Event: 7.700 Thread 0x000001bbc470e800 1810       3       com.mysql.cj.util.StringInspector::incrementPosition (77 bytes)
Event: 7.701 Thread 0x000001bbc470e800 nmethod 1810 0x000001bbaf0ca190 code [0x000001bbaf0ca340, 0x000001bbaf0caa00]
Event: 7.701 Thread 0x000001bbc470e800 1811       3       com.mysql.cj.util.StringInspector::indexOfNextNonWsChar (66 bytes)
Event: 7.701 Thread 0x000001bbc470e800 nmethod 1811 0x000001bbaf0c9a50 code [0x000001bbaf0c9c00, 0x000001bbaf0ca060]
Event: 7.701 Thread 0x000001bbc470e800 1812       3       com.mysql.cj.util.StringInspector::incrementPosition (9 bytes)
Event: 7.702 Thread 0x000001bbc470e800 nmethod 1812 0x000001bbaf0cc110 code [0x000001bbaf0cc280, 0x000001bbaf0cc430]
Event: 7.710 Thread 0x000001bbc470e800 1814       3       com.mysql.cj.protocol.ReadAheadInputStream::checkClosed (18 bytes)
Event: 7.710 Thread 0x000001bbc470e800 nmethod 1814 0x000001bbaf0cbc90 code [0x000001bbaf0cbe00, 0x000001bbaf0cc050]
Event: 7.712 Thread 0x000001bbc470e800 1815       1       com.mysql.cj.result.Field::getMysqlType (5 bytes)
Event: 7.713 Thread 0x000001bbc470e800 nmethod 1815 0x000001bbaf0cb9d0 code [0x000001bbaf0cbb20, 0x000001bbaf0cbc38]

GC Heap History (10 events):
Event: 2.534 GC heap before
{Heap before GC invocations=2 (full 0):
 PSYoungGen      total 38400K, used 38318K [0x00000000d5600000, 0x00000000d8080000, 0x0000000100000000)
  eden space 33280K, 100% used [0x00000000d5600000,0x00000000d7680000,0x00000000d7680000)
  from space 5120K, 98% used [0x00000000d7680000,0x00000000d7b6b938,0x00000000d7b80000)
  to   space 5120K, 0% used [0x00000000d7b80000,0x00000000d7b80000,0x00000000d8080000)
 ParOldGen       total 87552K, used 8K [0x0000000080200000, 0x0000000085780000, 0x00000000d5600000)
  object space 87552K, 0% used [0x0000000080200000,0x0000000080202000,0x0000000085780000)
 Metaspace       used 9715K, capacity 10040K, committed 10240K, reserved 1058816K
  class space    used 1168K, capacity 1264K, committed 1280K, reserved 1048576K
Event: 2.540 GC heap after
Heap after GC invocations=2 (full 0):
 PSYoungGen      total 38400K, used 2262K [0x00000000d5600000, 0x00000000da100000, 0x0000000100000000)
  eden space 33280K, 0% used [0x00000000d5600000,0x00000000d5600000,0x00000000d7680000)
  from space 5120K, 44% used [0x00000000d7b80000,0x00000000d7db5b38,0x00000000d8080000)
  to   space 5120K, 0% used [0x00000000d7680000,0x00000000d7680000,0x00000000d7b80000)
 ParOldGen       total 87552K, used 16K [0x0000000080200000, 0x0000000085780000, 0x00000000d5600000)
  object space 87552K, 0% used [0x0000000080200000,0x0000000080204000,0x0000000085780000)
 Metaspace       used 9715K, capacity 10040K, committed 10240K, reserved 1058816K
  class space    used 1168K, capacity 1264K, committed 1280K, reserved 1048576K
}
Event: 3.788 GC heap before
{Heap before GC invocations=3 (full 0):
 PSYoungGen      total 38400K, used 35542K [0x00000000d5600000, 0x00000000da100000, 0x0000000100000000)
  eden space 33280K, 100% used [0x00000000d5600000,0x00000000d7680000,0x00000000d7680000)
  from space 5120K, 44% used [0x00000000d7b80000,0x00000000d7db5b38,0x00000000d8080000)
  to   space 5120K, 0% used [0x00000000d7680000,0x00000000d7680000,0x00000000d7b80000)
 ParOldGen       total 87552K, used 16K [0x0000000080200000, 0x0000000085780000, 0x00000000d5600000)
  object space 87552K, 0% used [0x0000000080200000,0x0000000080204000,0x0000000085780000)
 Metaspace       used 14360K, capacity 14804K, committed 14976K, reserved 1062912K
  class space    used 1779K, capacity 1917K, committed 1920K, reserved 1048576K
Event: 3.809 GC heap after
Heap after GC invocations=3 (full 0):
 PSYoungGen      total 38400K, used 5118K [0x00000000d5600000, 0x00000000da100000, 0x0000000100000000)
  eden space 33280K, 0% used [0x00000000d5600000,0x00000000d5600000,0x00000000d7680000)
  from space 5120K, 99% used [0x00000000d7680000,0x00000000d7b7f998,0x00000000d7b80000)
  to   space 5120K, 0% used [0x00000000d9c00000,0x00000000d9c00000,0x00000000da100000)
 ParOldGen       total 87552K, used 1471K [0x0000000080200000, 0x0000000085780000, 0x00000000d5600000)
  object space 87552K, 1% used [0x0000000080200000,0x000000008036fd88,0x0000000085780000)
 Metaspace       used 14360K, capacity 14804K, committed 14976K, reserved 1062912K
  class space    used 1779K, capacity 1917K, committed 1920K, reserved 1048576K
}
Event: 5.505 GC heap before
{Heap before GC invocations=4 (full 0):
 PSYoungGen      total 38400K, used 38398K [0x00000000d5600000, 0x00000000da100000, 0x0000000100000000)
  eden space 33280K, 100% used [0x00000000d5600000,0x00000000d7680000,0x00000000d7680000)
  from space 5120K, 99% used [0x00000000d7680000,0x00000000d7b7f998,0x00000000d7b80000)
  to   space 5120K, 0% used [0x00000000d9c00000,0x00000000d9c00000,0x00000000da100000)
 ParOldGen       total 87552K, used 1471K [0x0000000080200000, 0x0000000085780000, 0x00000000d5600000)
  object space 87552K, 1% used [0x0000000080200000,0x000000008036fd88,0x0000000085780000)
 Metaspace       used 19903K, capacity 20406K, committed 20736K, reserved 1067008K
  class space    used 2582K, capacity 2722K, committed 2816K, reserved 1048576K
Event: 5.519 GC heap after
Heap after GC invocations=4 (full 0):
 PSYoungGen      total 71680K, used 5097K [0x00000000d5600000, 0x00000000da100000, 0x0000000100000000)
  eden space 66560K, 0% used [0x00000000d5600000,0x00000000d5600000,0x00000000d9700000)
  from space 5120K, 99% used [0x00000000d9c00000,0x00000000da0fa450,0x00000000da100000)
  to   space 5120K, 0% used [0x00000000d9700000,0x00000000d9700000,0x00000000d9c00000)
 ParOldGen       total 87552K, used 4537K [0x0000000080200000, 0x0000000085780000, 0x00000000d5600000)
  object space 87552K, 5% used [0x0000000080200000,0x000000008066e538,0x0000000085780000)
 Metaspace       used 19903K, capacity 20406K, committed 20736K, reserved 1067008K
  class space    used 2582K, capacity 2722K, committed 2816K, reserved 1048576K
}
Event: 5.678 GC heap before
{Heap before GC invocations=5 (full 0):
 PSYoungGen      total 71680K, used 10545K [0x00000000d5600000, 0x00000000da100000, 0x0000000100000000)
  eden space 66560K, 8% used [0x00000000d5600000,0x00000000d5b52228,0x00000000d9700000)
  from space 5120K, 99% used [0x00000000d9c00000,0x00000000da0fa450,0x00000000da100000)
  to   space 5120K, 0% used [0x00000000d9700000,0x00000000d9700000,0x00000000d9c00000)
 ParOldGen       total 87552K, used 4537K [0x0000000080200000, 0x0000000085780000, 0x00000000d5600000)
  object space 87552K, 5% used [0x0000000080200000,0x000000008066e538,0x0000000085780000)
 Metaspace       used 20636K, capacity 21168K, committed 21296K, reserved 1067008K
  class space    used 2680K, capacity 2823K, committed 2864K, reserved 1048576K
Event: 5.691 GC heap after
Heap after GC invocations=5 (full 0):
 PSYoungGen      total 71680K, used 5097K [0x00000000d5600000, 0x00000000deb00000, 0x0000000100000000)
  eden space 66560K, 0% used [0x00000000d5600000,0x00000000d5600000,0x00000000d9700000)
  from space 5120K, 99% used [0x00000000d9700000,0x00000000d9bfa470,0x00000000d9c00000)
  to   space 9728K, 0% used [0x00000000de180000,0x00000000de180000,0x00000000deb00000)
 ParOldGen       total 87552K, used 5845K [0x0000000080200000, 0x0000000085780000, 0x00000000d5600000)
  object space 87552K, 6% used [0x0000000080200000,0x00000000807b5758,0x0000000085780000)
 Metaspace       used 20636K, capacity 21168K, committed 21296K, reserved 1067008K
  class space    used 2680K, capacity 2823K, committed 2864K, reserved 1048576K
}
Event: 5.691 GC heap before
{Heap before GC invocations=6 (full 1):
 PSYoungGen      total 71680K, used 5097K [0x00000000d5600000, 0x00000000deb00000, 0x0000000100000000)
  eden space 66560K, 0% used [0x00000000d5600000,0x00000000d5600000,0x00000000d9700000)
  from space 5120K, 99% used [0x00000000d9700000,0x00000000d9bfa470,0x00000000d9c00000)
  to   space 9728K, 0% used [0x00000000de180000,0x00000000de180000,0x00000000deb00000)
 ParOldGen       total 87552K, used 5845K [0x0000000080200000, 0x0000000085780000, 0x00000000d5600000)
  object space 87552K, 6% used [0x0000000080200000,0x00000000807b5758,0x0000000085780000)
 Metaspace       used 20636K, capacity 21168K, committed 21296K, reserved 1067008K
  class space    used 2680K, capacity 2823K, committed 2864K, reserved 1048576K
Event: 5.749 GC heap after
Heap after GC invocations=6 (full 1):
 PSYoungGen      total 71680K, used 0K [0x00000000d5600000, 0x00000000deb00000, 0x0000000100000000)
  eden space 66560K, 0% used [0x00000000d5600000,0x00000000d5600000,0x00000000d9700000)
  from space 5120K, 0% used [0x00000000d9700000,0x00000000d9700000,0x00000000d9c00000)
  to   space 9728K, 0% used [0x00000000de180000,0x00000000de180000,0x00000000deb00000)
 ParOldGen       total 48128K, used 6329K [0x0000000080200000, 0x0000000083100000, 0x00000000d5600000)
  object space 48128K, 13% used [0x0000000080200000,0x000000008082e540,0x0000000083100000)
 Metaspace       used 20636K, capacity 21168K, committed 21296K, reserved 1067008K
  class space    used 2680K, capacity 2823K, committed 2864K, reserved 1048576K
}

Deoptimization events (10 events):
Event: 5.545 Thread 0x000001bbad1d3000 Uncommon trap: reason=unstable_if action=reinterpret pc=0x000001bbaef785e0 method=sun.misc.ASCIICaseInsensitiveComparator.compare(Ljava/lang/String;Ljava/lang/String;)I @ 83
Event: 5.577 Thread 0x000001bbad1d3000 Uncommon trap: reason=class_check action=maybe_recompile pc=0x000001bbaee7a468 method=java.util.HashMap.putVal(ILjava/lang/Object;Ljava/lang/Object;ZZ)Ljava/lang/Object; @ 203
Event: 5.849 Thread 0x000001bbad1d3000 Uncommon trap: reason=class_check action=maybe_recompile pc=0x000001bbaee7a468 method=java.util.HashMap.putVal(ILjava/lang/Object;Ljava/lang/Object;ZZ)Ljava/lang/Object; @ 203
Event: 5.926 Thread 0x000001bbad1d3000 Uncommon trap: reason=unstable_if action=reinterpret pc=0x000001bbaef95f6c method=java.util.Properties$LineReader.readLine()I @ 174
Event: 5.927 Thread 0x000001bbad1d3000 Uncommon trap: reason=unstable_if action=reinterpret pc=0x000001bbaef94a98 method=java.util.Properties.loadConvert([CII[C)Ljava/lang/String; @ 4
Event: 6.214 Thread 0x000001bbad1d3000 Uncommon trap: reason=bimorphic action=maybe_recompile pc=0x000001bbaefdc310 method=java.lang.ClassLoader.loadClass(Ljava/lang/String;Z)Ljava/lang/Class; @ 70
Event: 6.285 Thread 0x000001bbad1d3000 Uncommon trap: reason=bimorphic action=maybe_recompile pc=0x000001bbaefdc310 method=java.lang.ClassLoader.loadClass(Ljava/lang/String;Z)Ljava/lang/Class; @ 70
Event: 6.568 Thread 0x000001bbad1d3000 Uncommon trap: reason=bimorphic action=maybe_recompile pc=0x000001bbaefdc310 method=java.lang.ClassLoader.loadClass(Ljava/lang/String;Z)Ljava/lang/Class; @ 70
Event: 6.569 Thread 0x000001bbad1d3000 Uncommon trap: reason=bimorphic action=maybe_recompile pc=0x000001bbaefdc310 method=java.lang.ClassLoader.loadClass(Ljava/lang/String;Z)Ljava/lang/Class; @ 70
Event: 7.686 Thread 0x000001bbad1d3000 Uncommon trap: reason=unstable_if action=reinterpret pc=0x000001bbaedc053c method=java.lang.CharacterDataLatin1.isWhitespace(I)Z @ 14

Classes redefined (0 events):
No events

Internal exceptions (10 events):
Event: 2.959 Thread 0x000001bbad1d3000 Exception <a 'java/lang/ClassNotFoundException': org/springframework/transaction/annotation/ProxyTransactionManagementConfigurationBeanInfo> (0x00000000d6230f78) thrown at [C:\wsjdk\Corretto8Src\installers\windows\zip\corretto-build\buildRoot\src\hotspot\
Event: 2.960 Thread 0x000001bbad1d3000 Exception <a 'java/lang/ClassNotFoundException': org/springframework/transaction/annotation/AbstractTransactionManagementConfigurationBeanInfo> (0x00000000d6242198) thrown at [C:\wsjdk\Corretto8Src\installers\windows\zip\corretto-build\buildRoot\src\hotsp
Event: 2.961 Thread 0x000001bbad1d3000 Exception <a 'java/lang/ClassNotFoundException': org/springframework/transaction/annotation/AbstractTransactionManagementConfigurationCustomizer> (0x00000000d6253610) thrown at [C:\wsjdk\Corretto8Src\installers\windows\zip\corretto-build\buildRoot\src\hot
Event: 2.962 Thread 0x000001bbad1d3000 Exception <a 'java/lang/ClassNotFoundException': org/springframework/transaction/annotation/ProxyTransactionManagementConfigurationCustomizer> (0x00000000d6267560) thrown at [C:\wsjdk\Corretto8Src\installers\windows\zip\corretto-build\buildRoot\src\hotspo
Event: 2.964 Thread 0x000001bbad1d3000 Exception <a 'java/lang/ClassNotFoundException': org/springframework/context/annotation/ImportAwareBeanInfo> (0x00000000d6278b58) thrown at [C:\wsjdk\Corretto8Src\installers\windows\zip\corretto-build\buildRoot\src\hotspot\src\share\vm\classfile\systemDic
Event: 2.965 Thread 0x000001bbad1d3000 Exception <a 'java/lang/ClassNotFoundException': org/springframework/context/annotation/ImportAwareCustomizer> (0x00000000d6285660) thrown at [C:\wsjdk\Corretto8Src\installers\windows\zip\corretto-build\buildRoot\src\hotspot\src\share\vm\classfile\systemD
Event: 3.113 Thread 0x000001bbad1d3000 Implicit null exception at 0x000001bbaee31316 to 0x000001bbaee316a9
Event: 3.523 Thread 0x000001bbad1d3000 Exception <a 'java/lang/ClassNotFoundException': java/lang/Module> (0x00000000d7060e08) thrown at [C:\wsjdk\Corretto8Src\installers\windows\zip\corretto-build\buildRoot\src\hotspot\src\share\vm\classfile\systemDictionary.cpp, line 217]
Event: 7.326 Thread 0x000001bbad1d3000 Exception <a 'java/lang/ClassNotFoundException': java/lang/Module> (0x00000000d8622140) thrown at [C:\wsjdk\Corretto8Src\installers\windows\zip\corretto-build\buildRoot\src\hotspot\src\share\vm\classfile\systemDictionary.cpp, line 217]
Event: 7.452 Thread 0x000001bbad1d3000 Exception <a 'java/lang/NoSuchMethodError': java.lang.Object.lambda$static$0(Lorg/hibernate/loader/plan/spi/LoadPlan;Lorg/hibernate/loader/plan/exec/spi/AliasResolutionContext;Lorg/hibernate/loader/plan/exec/process/spi/ReaderCollector;ZZ)Lorg/hibernate/l

Events (10 events):
Event: 7.720 loading class com/mysql/cj/result/DoubleValueFactory
Event: 7.720 loading class com/mysql/cj/result/DoubleValueFactory done
Event: 7.721 loading class com/mysql/cj/result/BigDecimalValueFactory
Event: 7.721 loading class com/mysql/cj/result/BigDecimalValueFactory done
Event: 7.722 loading class com/mysql/cj/result/BinaryStreamValueFactory
Event: 7.722 loading class com/mysql/cj/result/BinaryStreamValueFactory done
Event: 7.722 loading class com/mysql/cj/result/SqlTimeValueFactory
Event: 7.722 loading class com/mysql/cj/result/SqlTimeValueFactory done
Event: 7.723 loading class com/mysql/cj/result/AbstractDateTimeValueFactory
Event: 7.723 loading class com/mysql/cj/result/AbstractDateTimeValueFactory done


Dynamic libraries:
0x00007ff633430000 - 0x00007ff63346a000 	C:\Users\79513\.jdks\corretto-1.8.0_312\bin\java.exe
0x00007ffb940d0000 - 0x00007ffb942c5000 	C:\WINDOWS\SYSTEM32\ntdll.dll
0x00007ffb6cae0000 - 0x00007ffb6caf6000 	C:\Program Files\AVAST Software\Avast\aswhook.dll
0x00007ffb924e0000 - 0x00007ffb9259e000 	C:\WINDOWS\System32\KERNEL32.DLL
0x00007ffb91dc0000 - 0x00007ffb92089000 	C:\WINDOWS\System32\KERNELBASE.dll
0x00007ffb92120000 - 0x00007ffb921cc000 	C:\WINDOWS\System32\ADVAPI32.dll
0x00007ffb93de0000 - 0x00007ffb93e7e000 	C:\WINDOWS\System32\msvcrt.dll
0x00007ffb93000000 - 0x00007ffb9309b000 	C:\WINDOWS\System32\sechost.dll
0x00007ffb92280000 - 0x00007ffb923aa000 	C:\WINDOWS\System32\RPCRT4.dll
0x00007ffb92cf0000 - 0x00007ffb92e91000 	C:\WINDOWS\System32\USER32.dll
0x00007ffb91cf0000 - 0x00007ffb91d12000 	C:\WINDOWS\System32\win32u.dll
0x00007ffb938a0000 - 0x00007ffb938cb000 	C:\WINDOWS\System32\GDI32.dll
0x00007ffb917f0000 - 0x00007ffb918fb000 	C:\WINDOWS\System32\gdi32full.dll
0x00007ffb91d20000 - 0x00007ffb91dbd000 	C:\WINDOWS\System32\msvcp_win.dll
0x00007ffb91bf0000 - 0x00007ffb91cf0000 	C:\WINDOWS\System32\ucrtbase.dll
0x00007ffb85f90000 - 0x00007ffb8622a000 	C:\WINDOWS\WinSxS\amd64_microsoft.windows.common-controls_6595b64144ccf1df_6.0.19041.1110_none_60b5254171f9507e\COMCTL32.dll
0x00007ffb92fd0000 - 0x00007ffb93000000 	C:\WINDOWS\System32\IMM32.DLL
0x00007ffb6f520000 - 0x00007ffb6f60f000 	C:\Users\79513\.jdks\corretto-1.8.0_312\jre\bin\msvcr120.dll
0x00007ffb6f320000 - 0x00007ffb6f3c6000 	C:\Users\79513\.jdks\corretto-1.8.0_312\jre\bin\msvcp120.dll
0x0000000065860000 - 0x00000000660d0000 	C:\Users\79513\.jdks\corretto-1.8.0_312\jre\bin\server\jvm.dll
0x00007ffb92ea0000 - 0x00007ffb92ea8000 	C:\WINDOWS\System32\PSAPI.DLL
0x00007ffb80810000 - 0x00007ffb80819000 	C:\WINDOWS\SYSTEM32\WSOCK32.dll
0x00007ffb86250000 - 0x00007ffb86277000 	C:\WINDOWS\SYSTEM32\WINMM.dll
0x00007ffb93250000 - 0x00007ffb932bb000 	C:\WINDOWS\System32\WS2_32.dll
0x00007ffb873b0000 - 0x00007ffb873ba000 	C:\WINDOWS\SYSTEM32\VERSION.dll
0x00007ffb8a4a0000 - 0x00007ffb8a4af000 	C:\Users\79513\.jdks\corretto-1.8.0_312\jre\bin\verify.dll
0x00007ffb86ab0000 - 0x00007ffb86ad9000 	C:\Users\79513\.jdks\corretto-1.8.0_312\jre\bin\java.dll
0x00007ffb7b980000 - 0x00007ffb7b9aa000 	C:\Users\79513\.jdks\corretto-1.8.0_312\jre\bin\instrument.dll
0x00007ffb82520000 - 0x00007ffb82536000 	C:\Users\79513\.jdks\corretto-1.8.0_312\jre\bin\zip.dll
0x00007ffb925b0000 - 0x00007ffb92cef000 	C:\WINDOWS\System32\SHELL32.dll
0x00007ffb905a0000 - 0x00007ffb90d30000 	C:\WINDOWS\SYSTEM32\windows.storage.dll
0x00007ffb93a80000 - 0x00007ffb93dd5000 	C:\WINDOWS\System32\combase.dll
0x00007ffb91240000 - 0x00007ffb9126c000 	C:\WINDOWS\SYSTEM32\Wldp.dll
0x00007ffb921d0000 - 0x00007ffb9227d000 	C:\WINDOWS\System32\SHCORE.dll
0x00007ffb93990000 - 0x00007ffb939e5000 	C:\WINDOWS\System32\shlwapi.dll
0x00007ffb91730000 - 0x00007ffb9174f000 	C:\WINDOWS\SYSTEM32\profapi.dll
0x00007ffb7be10000 - 0x00007ffb7be2a000 	C:\Program Files\JetBrains\IntelliJ IDEA Community Edition 2020.3\bin\breakgen64.dll
0x00007ffb82500000 - 0x00007ffb8251a000 	C:\Users\79513\.jdks\corretto-1.8.0_312\jre\bin\net.dll
0x00007ffb904d0000 - 0x00007ffb9053a000 	C:\WINDOWS\system32\mswsock.dll
0x00007ffb7bf40000 - 0x00007ffb7bf52000 	C:\Users\79513\.jdks\corretto-1.8.0_312\jre\bin\nio.dll
0x00007ffb91190000 - 0x00007ffb911a8000 	C:\WINDOWS\SYSTEM32\CRYPTSP.dll
0x00000000675b0000 - 0x00000000675c1000 	C:\Program Files\Common Files\Crypto Pro\AppCompat\cpadvai.dll
0x00000000675d0000 - 0x00000000675d7000 	C:\Program Files\Common Files\Crypto Pro\AppCompat\detoured.dll
0x00007ffb8fd80000 - 0x00007ffb8fdb4000 	C:\WINDOWS\system32\rsaenh.dll
0x00007ffb92090000 - 0x00007ffb920b7000 	C:\WINDOWS\System32\bcrypt.dll
0x00007ffb916f0000 - 0x00007ffb9171e000 	C:\WINDOWS\SYSTEM32\USERENV.dll
0x00007ffb91a60000 - 0x00007ffb91ae3000 	C:\WINDOWS\System32\bcryptprimitives.dll
0x00007ffb911b0000 - 0x00007ffb911bc000 	C:\WINDOWS\SYSTEM32\CRYPTBASE.dll
0x00007ffb90150000 - 0x00007ffb9018b000 	C:\WINDOWS\SYSTEM32\IPHLPAPI.DLL
0x00007ffb93980000 - 0x00007ffb93988000 	C:\WINDOWS\System32\NSI.dll
0x00007ffb86230000 - 0x00007ffb86247000 	C:\WINDOWS\SYSTEM32\dhcpcsvc6.DLL
0x00007ffb86f90000 - 0x00007ffb86fad000 	C:\WINDOWS\SYSTEM32\dhcpcsvc.DLL
0x00007ffb90190000 - 0x00007ffb9025c000 	C:\WINDOWS\SYSTEM32\DNSAPI.dll
0x00007ffb81350000 - 0x00007ffb8135a000 	C:\Windows\System32\rasadhlp.dll
0x00007ffb81370000 - 0x00007ffb813ef000 	C:\WINDOWS\System32\fwpuclnt.dll

VM Arguments:
jvm_args: -javaagent:C:\Program Files\JetBrains\IntelliJ IDEA Community Edition 2020.3\lib\idea_rt.jar=54618:C:\Program Files\JetBrains\IntelliJ IDEA Community Edition 2020.3\bin -Dfile.encoding=UTF-8 
java_command: hiber.MainApp
java_class_path (initial): C:\Users\79513\.jdks\corretto-1.8.0_312\jre\lib\charsets.jar;C:\Users\79513\.jdks\corretto-1.8.0_312\jre\lib\ext\access-bridge-64.jar;C:\Users\79513\.jdks\corretto-1.8.0_312\jre\lib\ext\cldrdata.jar;C:\Users\79513\.jdks\corretto-1.8.0_312\jre\lib\ext\dnsns.jar;C:\Users\79513\.jdks\corretto-1.8.0_312\jre\lib\ext\jaccess.jar;C:\Users\79513\.jdks\corretto-1.8.0_312\jre\lib\ext\jfxrt.jar;C:\Users\79513\.jdks\corretto-1.8.0_312\jre\lib\ext\localedata.jar;C:\Users\79513\.jdks\corretto-1.8.0_312\jre\lib\ext\nashorn.jar;C:\Users\79513\.jdks\corretto-1.8.0_312\jre\lib\ext\sunec.jar;C:\Users\79513\.jdks\corretto-1.8.0_312\jre\lib\ext\sunjce_provider.jar;C:\Users\79513\.jdks\corretto-1.8.0_312\jre\lib\ext\sunmscapi.jar;C:\Users\79513\.jdks\corretto-1.8.0_312\jre\lib\ext\sunpkcs11.jar;C:\Users\79513\.jdks\corretto-1.8.0_312\jre\lib\ext\zipfs.jar;C:\Users\79513\.jdks\corretto-1.8.0_312\jre\lib\jce.jar;C:\Users\79513\.jdks\corretto-1.8.0_312\jre\lib\jfr.jar;C:\Users\79513\.jdks\corretto-1.8.0_312\jre\lib\jfxswt.jar;C:\Users\79513\.jdks\corretto-1.8.0_312\jre\lib\jsse.jar;C:\Users\79513\.jdks\corretto-1.8.0_312\jre\lib\management-agent.jar;C:\Users\79513\.jdks\corretto-1.8.0_312\jre\lib\resources.jar;C:\Users\79513\.jdks\corretto-1.8.0_312\jre\lib\rt.jar;C:\OPENJDK\pre-proj\2.2.1. spring_hibernate\target\classes;C:\Users\79513\.m2\repository\org\springframework\spring-context\5.3.12\spring-context-5.3.12.jar;C:\Users\79513\.m2\repository\org\springframework\spring-aop\5.3.12\spring-aop-5.3.12.jar;C:\Users\79513\.m2\repository\org\springframework\spring-beans\5.3.12\spring-beans-5.3.12.jar;C:\Users\79513\.m2\repository\org\springframework\spring-core\5.3.12\spring-core-5.3.12.jar;C:\Users\79513\.m2\repository\org\springframework\spring-jcl\5.3.12\spring-jcl-5.3.12.jar;C:\Users\79513\.m2\repository\org\springframework\spring-expression\5.3.12\spring-expression-5.3.12.jar;C:\Users\79513\.m2\repository\org\springframework\spring-orm\5.3.12\spring-orm-5.3.1
Launcher Type: SUN_STANDARD

Environment Variables:
JAVA_HOME=C:\OPENJDK
PATH=C:\Program Files (x86)\NVIDIA Corporation\PhysX\Common;C:\WINDOWS\system32;C:\WINDOWS;C:\WINDOWS\System32\Wbem;C:\WINDOWS\System32\WindowsPowerShell\v1.0\;C:\WINDOWS\System32\OpenSSH\;C:\Program Files (x86)\NoteBook FanControl\;C:\Program Files\Git\cmd;C:\apache-maven-3.8.3\bin;C:\OPENJDK\bin;C:\windows\system32\;C:\tizen-studio\tools\ide\bin;C:\Users\79513\AppData\Local\Microsoft\WindowsApps;C:\Users\79513\AppData\Local\GitHubDesktop\bin
USERNAME=Анатолий
OS=Windows_NT
PROCESSOR_IDENTIFIER=Intel64 Family 6 Model 37 Stepping 2, GenuineIntel



---------------  S Y S T E M  ---------------

OS: Windows 10.0 , 64 bit Build 19041 (10.0.19041.1202)

CPU:total 4 (initial active 4) (2 cores per cpu, 2 threads per core) family 6 model 37 stepping 2, cmov, cx8, fxsr, mmx, sse, sse2, sse3, ssse3, sse4.1, sse4.2, popcnt, ht, tsc, tscinvbit

Memory: 4k page, physical 8379252k(1620280k free), swap 9403252k(5788k free)

vm_info: OpenJDK 64-Bit Server VM (25.312-b07) for windows-amd64 JRE (1.8.0_312-b07), built on Oct 14 2021 21:08:49 by "Administrator" with MS VC++ 12.0 (VS2013)

time: Thu Nov 11 21:47:52 2021
timezone: Iiaineae?neia noaiaa?oiia a?aiy
elapsed time: 7.748827 seconds (0d 0h 0m 7s)

