#
# There is insufficient memory for the Java Runtime Environment to continue.
# Native memory allocation (malloc) failed to allocate 32744 bytes for ChunkPool::allocate
# Possible reasons:
#   The system is out of physical RAM or swap space
#   The process is running with CompressedOops enabled, and the Java Heap may be blocking the growth of the native heap
# Possible solutions:
#   Reduce memory load on the system
#   Increase physical memory or swap space
#   Check if swap backing store is full
#   Decrease Java heap size (-Xmx/-Xms)
#   Decrease number of Java threads
#   Decrease Java thread stack sizes (-Xss)
#   Set larger code cache with -XX:ReservedCodeCacheSize=
#   JVM is running with Unscaled Compressed Oops mode in which the Java heap is
#     placed in the first 4GB address space. The Java Heap base address is the
#     maximum limit for the native heap growth. Please use -XX:HeapBaseMinAddress
#     to set the Java Heap base and to place the Java Heap above 4GB virtual address.
# This output file may be truncated or incomplete.
#
#  Out of Memory Error (allocation.cpp:272), pid=9572, tid=0x00000000000028a0
#
# JRE version: OpenJDK Runtime Environment (8.0_312-b07) (build 1.8.0_312-b07)
# Java VM: OpenJDK 64-Bit Server VM (25.312-b07 mixed mode windows-amd64 compressed oops)
# Failed to write core dump. Minidumps are not enabled by default on client versions of Windows
#

---------------  T H R E A D  ---------------

Current thread (0x000001205a73c000):  JavaThread "C2 CompilerThread1" daemon [_thread_in_native, id=10400, stack(0x00000001da900000,0x00000001daa00000)]

Stack: [0x00000001da900000,0x00000001daa00000]
[error occurred during error reporting (printing stack bounds), id 0xc0000005]

Native frames: (J=compiled Java code, j=interpreted, Vv=VM code, C=native code)


Current CompileTask:
C2:   1355  259  s!   4       sun.misc.URLClassPath::getLoader (243 bytes)


---------------  P R O C E S S  ---------------

Java Threads: ( => current thread )
  0x000001205a7b3000 JavaThread "Service Thread" daemon [_thread_blocked, id=4808, stack(0x00000001dab00000,0x00000001dac00000)]
  0x000001205a73e800 JavaThread "C1 CompilerThread2" daemon [_thread_in_native, id=15880, stack(0x00000001daa00000,0x00000001dab00000)]
=>0x000001205a73c000 JavaThread "C2 CompilerThread1" daemon [_thread_in_native, id=10400, stack(0x00000001da900000,0x00000001daa00000)]
  0x000001205a741800 JavaThread "C2 CompilerThread0" daemon [_thread_in_native, id=11128, stack(0x00000001da800000,0x00000001da900000)]
  0x000001205a737800 JavaThread "Monitor Ctrl-Break" daemon [_thread_in_native, id=10600, stack(0x00000001da700000,0x00000001da800000)]
  0x0000012059a44000 JavaThread "Attach Listener" daemon [_thread_blocked, id=8552, stack(0x00000001da600000,0x00000001da700000)]
  0x0000012059a4b000 JavaThread "Signal Dispatcher" daemon [_thread_blocked, id=19372, stack(0x00000001da500000,0x00000001da600000)]
  0x0000012059a21800 JavaThread "Finalizer" daemon [_thread_blocked, id=16600, stack(0x00000001da400000,0x00000001da500000)]
  0x0000012059a16000 JavaThread "Reference Handler" daemon [_thread_blocked, id=16136, stack(0x00000001da300000,0x00000001da400000)]
  0x0000012043151000 JavaThread "main" [_thread_in_Java, id=17528, stack(0x00000001d9d00000,0x00000001d9e00000)]

Other Threads:
  0x00000120599f3000 VMThread [stack: 0x00000001da200000,0x00000001da300000] [id=10636]
  0x000001205a7c5000 WatcherThread [stack: 0x00000001dac00000,0x00000001dad00000] [id=19700]

VM state:not at safepoint (normal execution)

VM Mutex/Monitor currently owned by a thread: None

heap address: 0x0000000080200000, size: 2046 MB, Compressed Oops mode: 32-bit
Narrow klass base: 0x0000000000000000, Narrow klass shift: 3
Compressed class space size: 1073741824 Address: 0x0000000100000000

Heap:
 PSYoungGen      total 38400K, used 11443K [0x00000000d5600000, 0x00000000d8080000, 0x0000000100000000)
  eden space 33280K, 34% used [0x00000000d5600000,0x00000000d612cd58,0x00000000d7680000)
  from space 5120K, 0% used [0x00000000d7b80000,0x00000000d7b80000,0x00000000d8080000)
  to   space 5120K, 0% used [0x00000000d7680000,0x00000000d7680000,0x00000000d7b80000)
 ParOldGen       total 87552K, used 0K [0x0000000080200000, 0x0000000085780000, 0x00000000d5600000)
  object space 87552K, 0% used [0x0000000080200000,0x0000000080200000,0x0000000085780000)
 Metaspace       used 5325K, capacity 5568K, committed 5760K, reserved 1056768K
  class space    used 601K, capacity 624K, committed 640K, reserved 1048576K

Card table byte_map: [0x0000012053f50000,0x0000012054350000] byte_map_base: 0x0000012053b4f000

Marking Bits: (ParMarkBitMap*) 0x00000000523b1860
 Begin Bits: [0x0000012054600000, 0x00000120565f8000)
 End Bits:   [0x00000120565f8000, 0x00000120585f0000)

Polling page: 0x0000012043380000

CodeCache: size=245760Kb used=1734Kb max_used=1735Kb free=244025Kb
 bounds [0x0000012044b90000, 0x0000012044e00000, 0x0000012053b90000]
 total_blobs=532 nmethods=264 adapters=182
 compilation: enabled

Compilation events (10 events):
Event: 1.335 Thread 0x000001205a73e800 nmethod 262 0x0000012044d36750 code [0x0000012044d36900, 0x0000012044d36e90]
Event: 1.335 Thread 0x000001205a73e800  263       3       java.util.ArrayList::ensureCapacityInternal (13 bytes)
Event: 1.336 Thread 0x000001205a73e800 nmethod 263 0x0000012044d360d0 code [0x0000012044d36260, 0x0000012044d365f0]
Event: 1.337 Thread 0x000001205a73e800  264       3       java.util.ArrayList::calculateCapacity (16 bytes)
Event: 1.338 Thread 0x000001205a73e800 nmethod 264 0x0000012044d35c10 code [0x0000012044d35d80, 0x0000012044d35fb8]
Event: 1.338 Thread 0x000001205a73e800  265       3       java.util.ArrayList::ensureExplicitCapacity (26 bytes)
Event: 1.338 Thread 0x000001205a73e800 nmethod 265 0x0000012044d40e50 code [0x0000012044d40fc0, 0x0000012044d411b0]
Event: 1.339 Thread 0x000001205a73e800  266  s    3       sun.misc.URLClassPath::getLookupCache (98 bytes)
Event: 1.340 Thread 0x000001205a73e800 nmethod 266 0x0000012044d405d0 code [0x0000012044d40760, 0x0000012044d40ce0]
Event: 1.341 Thread 0x000001205a73e800  267       3       java.net.URLStreamHandler::parseURL (1193 bytes)

GC Heap History (0 events):
No events

Deoptimization events (1 events):
Event: 1.184 Thread 0x0000012043151000 Uncommon trap: reason=unstable_if action=reinterpret pc=0x0000012044d27b24 method=java.lang.String.indexOf([CII[CIII)I @ 134

Classes redefined (0 events):
No events

Internal exceptions (10 events):
Event: 0.528 Thread 0x0000012043151000 Exception <a 'java/security/PrivilegedActionException'> (0x00000000d579c008) thrown at [C:\wsjdk\Corretto8Src\installers\windows\zip\corretto-build\buildRoot\src\hotspot\src\share\vm\prims\jvm.cpp, line 1523]
Event: 0.528 Thread 0x0000012043151000 Exception <a 'java/security/PrivilegedActionException'> (0x00000000d579c218) thrown at [C:\wsjdk\Corretto8Src\installers\windows\zip\corretto-build\buildRoot\src\hotspot\src\share\vm\prims\jvm.cpp, line 1523]
Event: 0.528 Thread 0x0000012043151000 Exception <a 'java/security/PrivilegedActionException'> (0x00000000d579d4c8) thrown at [C:\wsjdk\Corretto8Src\installers\windows\zip\corretto-build\buildRoot\src\hotspot\src\share\vm\prims\jvm.cpp, line 1523]
Event: 0.528 Thread 0x0000012043151000 Exception <a 'java/security/PrivilegedActionException'> (0x00000000d579d6d8) thrown at [C:\wsjdk\Corretto8Src\installers\windows\zip\corretto-build\buildRoot\src\hotspot\src\share\vm\prims\jvm.cpp, line 1523]
Event: 0.529 Thread 0x0000012043151000 Exception <a 'java/security/PrivilegedActionException'> (0x00000000d579ea78) thrown at [C:\wsjdk\Corretto8Src\installers\windows\zip\corretto-build\buildRoot\src\hotspot\src\share\vm\prims\jvm.cpp, line 1523]
Event: 0.529 Thread 0x0000012043151000 Exception <a 'java/security/PrivilegedActionException'> (0x00000000d579ec88) thrown at [C:\wsjdk\Corretto8Src\installers\windows\zip\corretto-build\buildRoot\src\hotspot\src\share\vm\prims\jvm.cpp, line 1523]
Event: 0.778 Thread 0x0000012043151000 Exception <a 'java/security/PrivilegedActionException'> (0x00000000d5adfa18) thrown at [C:\wsjdk\Corretto8Src\installers\windows\zip\corretto-build\buildRoot\src\hotspot\src\share\vm\prims\jvm.cpp, line 1523]
Event: 0.778 Thread 0x0000012043151000 Exception <a 'java/security/PrivilegedActionException'> (0x00000000d5adfc28) thrown at [C:\wsjdk\Corretto8Src\installers\windows\zip\corretto-build\buildRoot\src\hotspot\src\share\vm\prims\jvm.cpp, line 1523]
Event: 0.779 Thread 0x0000012043151000 Exception <a 'java/security/PrivilegedActionException'> (0x00000000d5ae2ce0) thrown at [C:\wsjdk\Corretto8Src\installers\windows\zip\corretto-build\buildRoot\src\hotspot\src\share\vm\prims\jvm.cpp, line 1523]
Event: 0.779 Thread 0x0000012043151000 Exception <a 'java/security/PrivilegedActionException'> (0x00000000d5ae2ef0) thrown at [C:\wsjdk\Corretto8Src\installers\windows\zip\corretto-build\buildRoot\src\hotspot\src\share\vm\prims\jvm.cpp, line 1523]

Events (10 events):
Event: 1.332 loading class org/springframework/core/env/MutablePropertySources
Event: 1.332 loading class org/springframework/core/env/MutablePropertySources done
Event: 1.338 loading class java/util/Collections$SingletonSet
Event: 1.338 loading class java/util/Collections$SingletonSet done
Event: 1.339 loading class java/util/Collections$1
Event: 1.339 loading class java/util/Collections$1 done
Event: 1.339 loading class org/springframework/core/env/PropertySourcesPropertyResolver
Event: 1.339 loading class org/springframework/core/env/PropertySourcesPropertyResolver done
Event: 1.341 loading class org/springframework/core/env/AbstractPropertyResolver
Event: 1.341 loading class org/springframework/core/env/AbstractPropertyResolver done


Dynamic libraries:
0x00007ff65cdd0000 - 0x00007ff65ce0a000 	C:\Users\79513\.jdks\corretto-1.8.0_312\bin\java.exe
0x00007fff65b30000 - 0x00007fff65d25000 	C:\WINDOWS\SYSTEM32\ntdll.dll
0x00007fff39840000 - 0x00007fff39855000 	C:\Program Files\AVAST Software\Avast\aswhook.dll
0x00007fff659d0000 - 0x00007fff65a8e000 	C:\WINDOWS\System32\KERNEL32.DLL
0x00007fff63860000 - 0x00007fff63b29000 	C:\WINDOWS\System32\KERNELBASE.dll
0x00007fff64b70000 - 0x00007fff64c1c000 	C:\WINDOWS\System32\ADVAPI32.dll
0x00007fff64560000 - 0x00007fff645fe000 	C:\WINDOWS\System32\msvcrt.dll
0x00007fff64ce0000 - 0x00007fff64d7b000 	C:\WINDOWS\System32\sechost.dll
0x00007fff655b0000 - 0x00007fff656da000 	C:\WINDOWS\System32\RPCRT4.dll
0x00007fff63bd0000 - 0x00007fff63d71000 	C:\WINDOWS\System32\USER32.dll
0x00007fff63440000 - 0x00007fff63462000 	C:\WINDOWS\System32\win32u.dll
0x00007fff64960000 - 0x00007fff6498b000 	C:\WINDOWS\System32\GDI32.dll
0x00007fff63600000 - 0x00007fff6370b000 	C:\WINDOWS\System32\gdi32full.dll
0x00007fff637c0000 - 0x00007fff6385d000 	C:\WINDOWS\System32\msvcp_win.dll
0x00007fff632e0000 - 0x00007fff633e0000 	C:\WINDOWS\System32\ucrtbase.dll
0x00007fff59df0000 - 0x00007fff5a08a000 	C:\WINDOWS\WinSxS\amd64_microsoft.windows.common-controls_6595b64144ccf1df_6.0.19041.1110_none_60b5254171f9507e\COMCTL32.dll
0x00007fff63ba0000 - 0x00007fff63bd0000 	C:\WINDOWS\System32\IMM32.DLL
0x00007fff2ded0000 - 0x00007fff2dfbf000 	C:\Users\79513\.jdks\corretto-1.8.0_312\jre\bin\msvcr120.dll
0x00007fff2c9e0000 - 0x00007fff2ca86000 	C:\Users\79513\.jdks\corretto-1.8.0_312\jre\bin\msvcp120.dll
0x0000000051bc0000 - 0x0000000052430000 	C:\Users\79513\.jdks\corretto-1.8.0_312\jre\bin\server\jvm.dll
0x00007fff642e0000 - 0x00007fff642e8000 	C:\WINDOWS\System32\PSAPI.DLL
0x00007fff51a90000 - 0x00007fff51a99000 	C:\WINDOWS\SYSTEM32\WSOCK32.dll
0x00007fff64270000 - 0x00007fff642db000 	C:\WINDOWS\System32\WS2_32.dll
0x00007fff5a640000 - 0x00007fff5a667000 	C:\WINDOWS\SYSTEM32\WINMM.dll
0x00007fff5a9b0000 - 0x00007fff5a9ba000 	C:\WINDOWS\SYSTEM32\VERSION.dll
0x00007fff5e930000 - 0x00007fff5e93f000 	C:\Users\79513\.jdks\corretto-1.8.0_312\jre\bin\verify.dll
0x00007fff5a0c0000 - 0x00007fff5a0e9000 	C:\Users\79513\.jdks\corretto-1.8.0_312\jre\bin\java.dll
0x00007fff4d7d0000 - 0x00007fff4d7fa000 	C:\Users\79513\.jdks\corretto-1.8.0_312\jre\bin\instrument.dll
0x00007fff5c330000 - 0x00007fff5c346000 	C:\Users\79513\.jdks\corretto-1.8.0_312\jre\bin\zip.dll
0x00007fff64e70000 - 0x00007fff655af000 	C:\WINDOWS\System32\SHELL32.dll
0x00007fff62000000 - 0x00007fff62790000 	C:\WINDOWS\SYSTEM32\windows.storage.dll
0x00007fff64600000 - 0x00007fff64955000 	C:\WINDOWS\System32\combase.dll
0x00007fff62ca0000 - 0x00007fff62ccc000 	C:\WINDOWS\SYSTEM32\Wldp.dll
0x00007fff64ac0000 - 0x00007fff64b6d000 	C:\WINDOWS\System32\SHCORE.dll
0x00007fff64e10000 - 0x00007fff64e65000 	C:\WINDOWS\System32\shlwapi.dll
0x00007fff63190000 - 0x00007fff631af000 	C:\WINDOWS\SYSTEM32\profapi.dll
0x00007fff4d7b0000 - 0x00007fff4d7ca000 	C:\Program Files\JetBrains\IntelliJ IDEA Community Edition 2020.3\bin\breakgen64.dll
0x00007fff596f0000 - 0x00007fff5970a000 	C:\Users\79513\.jdks\corretto-1.8.0_312\jre\bin\net.dll
0x00007fff61f30000 - 0x00007fff61f9a000 	C:\WINDOWS\system32\mswsock.dll

VM Arguments:
jvm_args: -javaagent:C:\Program Files\JetBrains\IntelliJ IDEA Community Edition 2020.3\lib\idea_rt.jar=51126:C:\Program Files\JetBrains\IntelliJ IDEA Community Edition 2020.3\bin -Dfile.encoding=UTF-8 
java_command: hiber.MainApp
java_class_path (initial): C:\Users\79513\.jdks\corretto-1.8.0_312\jre\lib\charsets.jar;C:\Users\79513\.jdks\corretto-1.8.0_312\jre\lib\ext\access-bridge-64.jar;C:\Users\79513\.jdks\corretto-1.8.0_312\jre\lib\ext\cldrdata.jar;C:\Users\79513\.jdks\corretto-1.8.0_312\jre\lib\ext\dnsns.jar;C:\Users\79513\.jdks\corretto-1.8.0_312\jre\lib\ext\jaccess.jar;C:\Users\79513\.jdks\corretto-1.8.0_312\jre\lib\ext\jfxrt.jar;C:\Users\79513\.jdks\corretto-1.8.0_312\jre\lib\ext\localedata.jar;C:\Users\79513\.jdks\corretto-1.8.0_312\jre\lib\ext\nashorn.jar;C:\Users\79513\.jdks\corretto-1.8.0_312\jre\lib\ext\sunec.jar;C:\Users\79513\.jdks\corretto-1.8.0_312\jre\lib\ext\sunjce_provider.jar;C:\Users\79513\.jdks\corretto-1.8.0_312\jre\lib\ext\sunmscapi.jar;C:\Users\79513\.jdks\corretto-1.8.0_312\jre\lib\ext\sunpkcs11.jar;C:\Users\79513\.jdks\corretto-1.8.0_312\jre\lib\ext\zipfs.jar;C:\Users\79513\.jdks\corretto-1.8.0_312\jre\lib\jce.jar;C:\Users\79513\.jdks\corretto-1.8.0_312\jre\lib\jfr.jar;C:\Users\79513\.jdks\corretto-1.8.0_312\jre\lib\jfxswt.jar;C:\Users\79513\.jdks\corretto-1.8.0_312\jre\lib\jsse.jar;C:\Users\79513\.jdks\corretto-1.8.0_312\jre\lib\management-agent.jar;C:\Users\79513\.jdks\corretto-1.8.0_312\jre\lib\resources.jar;C:\Users\79513\.jdks\corretto-1.8.0_312\jre\lib\rt.jar;C:\OPENJDK\pre-proj\2.2.1. spring_hibernate\target\classes;C:\Users\79513\.m2\repository\org\springframework\spring-context\5.3.12\spring-context-5.3.12.jar;C:\Users\79513\.m2\repository\org\springframework\spring-aop\5.3.12\spring-aop-5.3.12.jar;C:\Users\79513\.m2\repository\org\springframework\spring-beans\5.3.12\spring-beans-5.3.12.jar;C:\Users\79513\.m2\repository\org\springframework\spring-core\5.3.12\spring-core-5.3.12.jar;C:\Users\79513\.m2\repository\org\springframework\spring-jcl\5.3.12\spring-jcl-5.3.12.jar;C:\Users\79513\.m2\repository\org\springframework\spring-expression\5.3.12\spring-expression-5.3.12.jar;C:\Users\79513\.m2\repository\org\springframework\spring-orm\5.3.12\spring-orm-5.3.1
Launcher Type: SUN_STANDARD

Environment Variables:
JAVA_HOME=C:\OPENJDK
PATH=C:\Program Files (x86)\NVIDIA Corporation\PhysX\Common;C:\WINDOWS\system32;C:\WINDOWS;C:\WINDOWS\System32\Wbem;C:\WINDOWS\System32\WindowsPowerShell\v1.0\;C:\WINDOWS\System32\OpenSSH\;C:\Program Files (x86)\NoteBook FanControl\;C:\Program Files\Git\cmd;C:\apache-maven-3.8.3\bin;C:\OPENJDK\bin;C:\windows\system32\;C:\tizen-studio\tools\ide\bin;C:\Users\79513\AppData\Local\Microsoft\WindowsApps;C:\Users\79513\AppData\Local\GitHubDesktop\bin
USERNAME=Анатолий
OS=Windows_NT
PROCESSOR_IDENTIFIER=Intel64 Family 6 Model 37 Stepping 2, GenuineIntel



---------------  S Y S T E M  ---------------

OS: Windows 10.0 , 64 bit Build 19041 (10.0.19041.1202)

CPU:total 4 (initial active 4) (2 cores per cpu, 2 threads per core) family 6 model 37 stepping 2, cmov, cx8, fxsr, mmx, sse, sse2, sse3, ssse3, sse4.1, sse4.2, popcnt, ht, tsc, tscinvbit

Memory: 4k page, physical 8379252k(2780376k free), swap 9403252k(1920k free)

vm_info: OpenJDK 64-Bit Server VM (25.312-b07) for windows-amd64 JRE (1.8.0_312-b07), built on Oct 14 2021 21:08:49 by "Administrator" with MS VC++ 12.0 (VS2013)

time: Wed Nov 10 22:40:55 2021
timezone: Iiaineae?neia noaiaa?oiia a?aiy
elapsed time: 1.369892 seconds (0d 0h 0m 1s)

